<?xml version="1.0" encoding="UTF-8"?>
<!-- Generated by org.testng.reporters.JUnitXMLReporter -->
<testsuite hostname="DELL" ignored="0" name="Test" tests="3" failures="0" timestamp="11 Mar 2018 08:08:31 GMT" time="62.926" errors="0">
  <testcase name="validateUploadProfilePicture" time="21.016" classname="com.w2a.archBatch2.Rough.TestCase2"/>
  <testcase name="createAccount" time="14.903" classname="com.w2a.archBatch2.Rough.TestCase"/>
  <testcase name="doLogin" time="26.927" classname="com.w2a.archBatch2.Rough.TestCase"/>
</testsuite> <!-- Test -->
