<?xml version="1.0" encoding="UTF-8"?>
<!-- Generated by org.testng.reporters.JUnitXMLReporter -->
<testsuite hostname="DELL" ignored="0" name="Test2" tests="1" failures="1" timestamp="31 Mar 2018 05:55:46 GMT" time="19.583" errors="0">
  <testcase name="validateFBLoginWIthValidCred" time="4.891" classname="com.w2a.archBatch2.TestCases.ValidateFacebookLogin">
    <failure type="java.lang.NullPointerException">
      <![CDATA[java.lang.NullPointerException
	at org.openqa.selenium.support.ui.FluentWait.until(FluentWait.java:238)
	at com.w2a.archBatch2.PageObjects.BasePage.waitForPageLoad(BasePage.java:37)
	at com.w2a.archBatch2.PageObjects.BasePage.openPage(BasePage.java:29)
	at com.w2a.archBatch2.PageObjects.FacebookLandingPage.doLoginWithValidCredentials(FacebookLandingPage.java:41)
	at com.w2a.archBatch2.TestCases.ValidateFacebookLogin.validateFBLoginWIthValidCred(ValidateFacebookLogin.java:24)
	at java.util.concurrent.ThreadPoolExecutor.runWorker(Unknown Source)
	at java.util.concurrent.ThreadPoolExecutor$Worker.run(Unknown Source)
	at java.lang.Thread.run(Unknown Source)
... Removed 10 stack frames]]>
    </failure>
  </testcase> <!-- validateFBLoginWIthValidCred -->
</testsuite> <!-- Test2 -->
