<?xml version="1.0" encoding="UTF-8"?>
<testng-results skipped="0" failed="0" ignored="0" total="1" passed="1">
  <reporter-output>
  </reporter-output>
  <suite name="Suite" duration-ms="18969" started-at="2018-03-11T09:11:46Z" finished-at="2018-03-11T09:12:05Z">
    <groups>
    </groups>
    <test name="Test2" duration-ms="18969" started-at="2018-03-11T09:11:46Z" finished-at="2018-03-11T09:12:05Z">
      <class name="com.w2a.archBatch2.Rough.TestCase">
        <test-method status="PASS" signature="doLogin(java.lang.String, java.lang.String)[pri:0, instance:com.w2a.archBatch2.Rough.TestCase@2b98378d]" name="doLogin" duration-ms="18905" started-at="2018-03-11T14:41:46Z" data-provider="getData" finished-at="2018-03-11T14:42:05Z">
          <params>
            <param index="0">
              <value>
                <![CDATA[Rahsdfsdful]]>
              </value>
            </param>
            <param index="1">
              <value>
                <![CDATA[sdf]]>
              </value>
            </param>
          </params>
          <reporter-output>
          </reporter-output>
        </test-method> <!-- doLogin -->
      </class> <!-- com.w2a.archBatch2.Rough.TestCase -->
    </test> <!-- Test2 -->
  </suite> <!-- Suite -->
</testng-results>
